<?xml version="1.0" encoding="UTF-8"?>
<!-- Generated by org.testng.reporters.JUnitXMLReporter -->
<testsuite ignored="0" hostname="DESKTOP-VF69006" failures="0" tests="37" name="Test" time="156.043" errors="0" timestamp="2021-06-06T17:47:55 IST">
  <testcase classname="Project.HomePageTest" name="testcase1" time="0.659"/>
  <testcase classname="Project.HomePageTest" name="testcase2" time="5.455"/>
  <testcase classname="Project.HomePageTest" name="testcase3" time="2.492"/>
  <testcase classname="Project.HomePageTest" name="testcase3" time="2.131"/>
  <testcase classname="Project.HomePageTest" name="testcase3" time="1.851"/>
  <testcase classname="Project.HomePageTest" name="testcase3" time="1.776"/>
  <testcase classname="Project.HomePageTest" name="testcase3" time="1.736"/>
  <testcase classname="Project.HomePageTest" name="testcase3" time="1.72"/>
  <testcase classname="Project.HomePageTest" name="testcase3" time="1.809"/>
  <testcase classname="Project.HomePageTest" name="testcase3" time="1.969"/>
  <testcase classname="Project.HomePageTest" name="testcase3" time="1.669"/>
  <testcase classname="Project.HomePageTest" name="testcase3" time="1.692"/>
  <testcase classname="Project.HomePageTest" name="testcase3" time="1.637"/>
  <testcase classname="Project.HomePageTest" name="testcase3" time="1.763"/>
  <testcase classname="Project.HomePageTest" name="testcase3" time="1.736"/>
  <testcase classname="Project.HomePageTest" name="testcase3" time="1.779"/>
  <testcase classname="Project.HomePageTest" name="testcase3" time="1.609"/>
  <testcase classname="Project.HomePageTest" name="testcase3" time="1.656"/>
  <testcase classname="Project.HomePageTest" name="testcase3" time="1.659"/>
  <testcase classname="Project.HomePageTest" name="testcase3" time="1.642"/>
  <testcase classname="Project.HomePageTest" name="testcase3" time="1.998"/>
  <testcase classname="Project.HomePageTest" name="testcase3" time="2.035"/>
  <testcase classname="Project.HomePageTest" name="testcase3" time="1.855"/>
  <testcase classname="Project.HomePageTest" name="testcase3" time="1.648"/>
  <testcase classname="Project.HomePageTest" name="testcase3" time="1.652"/>
  <testcase classname="Project.HomePageTest" name="testcase3" time="1.715"/>
  <testcase classname="Project.HomePageTest" name="testcase3" time="1.634"/>
  <testcase classname="Project.HomePageTest" name="testcase3" time="1.65"/>
  <testcase classname="Project.HomePageTest" name="testcase3" time="1.807"/>
  <testcase classname="Project.HomePageTest" name="testcase3" time="1.594"/>
  <testcase classname="Project.HomePageTest" name="testcase3" time="1.649"/>
  <testcase classname="Project.HomePageTest" name="testcase3" time="1.674"/>
  <testcase classname="Project.HomePageTest" name="testcase4" time="46.942"/>
  <testcase classname="Project.HomePageTest" name="testcase5" time="3.21"/>
  <testcase classname="Project.HomePageTest" name="testcase6" time="1.251"/>
  <testcase classname="Project.HomePageTest" name="testcase7" time="7.619"/>
  <testcase classname="Project.HomePageTest" name="testcase8" time="9.331"/>
</testsuite> <!-- Test -->
