<?xml version="1.0" encoding="UTF-8"?>
<!-- Generated by org.testng.reporters.JUnitXMLReporter -->
<testsuite ignored="0" hostname="DESKTOP-VF69006" failures="0" tests="37" name="Test" time="122.769" errors="0" timestamp="2021-06-06T17:05:43 IST">
  <testcase classname="Project.HomePageTest" name="testcase1" time="0.147"/>
  <testcase classname="Project.HomePageTest" name="testcase2" time="3.354"/>
  <testcase classname="Project.HomePageTest" name="testcase3" time="2.568"/>
  <testcase classname="Project.HomePageTest" name="testcase3" time="2.054"/>
  <testcase classname="Project.HomePageTest" name="testcase3" time="1.83"/>
  <testcase classname="Project.HomePageTest" name="testcase3" time="1.824"/>
  <testcase classname="Project.HomePageTest" name="testcase3" time="1.737"/>
  <testcase classname="Project.HomePageTest" name="testcase3" time="1.708"/>
  <testcase classname="Project.HomePageTest" name="testcase3" time="1.726"/>
  <testcase classname="Project.HomePageTest" name="testcase3" time="2.015"/>
  <testcase classname="Project.HomePageTest" name="testcase3" time="1.677"/>
  <testcase classname="Project.HomePageTest" name="testcase3" time="1.688"/>
  <testcase classname="Project.HomePageTest" name="testcase3" time="1.654"/>
  <testcase classname="Project.HomePageTest" name="testcase3" time="1.684"/>
  <testcase classname="Project.HomePageTest" name="testcase3" time="1.672"/>
  <testcase classname="Project.HomePageTest" name="testcase3" time="1.763"/>
  <testcase classname="Project.HomePageTest" name="testcase3" time="1.683"/>
  <testcase classname="Project.HomePageTest" name="testcase3" time="1.688"/>
  <testcase classname="Project.HomePageTest" name="testcase3" time="1.627"/>
  <testcase classname="Project.HomePageTest" name="testcase3" time="1.646"/>
  <testcase classname="Project.HomePageTest" name="testcase3" time="1.646"/>
  <testcase classname="Project.HomePageTest" name="testcase3" time="1.733"/>
  <testcase classname="Project.HomePageTest" name="testcase3" time="1.608"/>
  <testcase classname="Project.HomePageTest" name="testcase3" time="1.625"/>
  <testcase classname="Project.HomePageTest" name="testcase3" time="1.628"/>
  <testcase classname="Project.HomePageTest" name="testcase3" time="1.645"/>
  <testcase classname="Project.HomePageTest" name="testcase3" time="1.605"/>
  <testcase classname="Project.HomePageTest" name="testcase3" time="1.698"/>
  <testcase classname="Project.HomePageTest" name="testcase3" time="1.667"/>
  <testcase classname="Project.HomePageTest" name="testcase3" time="1.65"/>
  <testcase classname="Project.HomePageTest" name="testcase3" time="1.637"/>
  <testcase classname="Project.HomePageTest" name="testcase3" time="1.665"/>
  <testcase classname="Project.HomePageTest" name="testcase4" time="44.298"/>
  <testcase classname="Project.HomePageTest" name="testcase5" time="2.953"/>
  <testcase classname="Project.HomePageTest" name="testcase6" time="0.768"/>
  <testcase classname="Project.HomePageTest" name="testcase7" time="3.128"/>
  <testcase classname="Project.HomePageTest" name="testcase8" time="1.838"/>
</testsuite> <!-- Test -->
