<?xml version="1.0" encoding="UTF-8"?>
<testng-results ignored="0" total="37" passed="37" failed="0" skipped="0">
  <reporter-output>
  </reporter-output>
  <suite started-at="2021-06-06T17:03:40 IST" name="Suite" finished-at="2021-06-06T17:05:42 IST" duration-ms="122769">
    <groups>
    </groups>
    <test started-at="2021-06-06T17:03:40 IST" name="Test" finished-at="2021-06-06T17:05:42 IST" duration-ms="122769">
      <class name="Project.HomePageTest">
        <test-method is-config="true" signature="intialization()[pri:0, instance:Project.HomePageTest@1f010bf0]" started-at="2021-06-06T17:03:40 IST" name="intialization" finished-at="2021-06-06T17:03:52 IST" duration-ms="12648" status="PASS">
          <reporter-output>
          </reporter-output>
        </test-method> <!-- intialization -->
        <test-method signature="testcase1()[pri:0, instance:Project.HomePageTest@1f010bf0]" started-at="2021-06-06T17:03:52 IST" name="testcase1" finished-at="2021-06-06T17:03:53 IST" duration-ms="147" status="PASS">
          <reporter-output>
          </reporter-output>
        </test-method> <!-- testcase1 -->
        <test-method signature="testcase2()[pri:0, instance:Project.HomePageTest@1f010bf0]" started-at="2021-06-06T17:03:53 IST" name="testcase2" finished-at="2021-06-06T17:03:56 IST" duration-ms="3354" status="PASS">
          <reporter-output>
          </reporter-output>
        </test-method> <!-- testcase2 -->
        <test-method signature="testcase3(java.lang.String,java.lang.String,java.lang.String)[pri:0, instance:Project.HomePageTest@1f010bf0]" started-at="2021-06-06T17:03:57 IST" name="testcase3" data-provider="getDatabase" finished-at="2021-06-06T17:04:00 IST" duration-ms="2568" status="PASS">
          <params>
            <param index="0">
              <value>
                <![CDATA[Brocolli]]>
              </value>
            </param>
            <param index="1">
              <value>
                <![CDATA[1 Kg]]>
              </value>
            </param>
            <param index="2">
              <value>
                <![CDATA[120]]>
              </value>
            </param>
          </params>
          <reporter-output>
          </reporter-output>
        </test-method> <!-- testcase3 -->
        <test-method signature="testcase3(java.lang.String,java.lang.String,java.lang.String)[pri:0, instance:Project.HomePageTest@1f010bf0]" started-at="2021-06-06T17:04:00 IST" name="testcase3" data-provider="getDatabase" finished-at="2021-06-06T17:04:02 IST" duration-ms="2054" status="PASS">
          <params>
            <param index="0">
              <value>
                <![CDATA[Cauliflower]]>
              </value>
            </param>
            <param index="1">
              <value>
                <![CDATA[1 Kg]]>
              </value>
            </param>
            <param index="2">
              <value>
                <![CDATA[60]]>
              </value>
            </param>
          </params>
          <reporter-output>
          </reporter-output>
        </test-method> <!-- testcase3 -->
        <test-method signature="testcase3(java.lang.String,java.lang.String,java.lang.String)[pri:0, instance:Project.HomePageTest@1f010bf0]" started-at="2021-06-06T17:04:02 IST" name="testcase3" data-provider="getDatabase" finished-at="2021-06-06T17:04:04 IST" duration-ms="1830" status="PASS">
          <params>
            <param index="0">
              <value>
                <![CDATA[Cucumber]]>
              </value>
            </param>
            <param index="1">
              <value>
                <![CDATA[1 Kg]]>
              </value>
            </param>
            <param index="2">
              <value>
                <![CDATA[48]]>
              </value>
            </param>
          </params>
          <reporter-output>
          </reporter-output>
        </test-method> <!-- testcase3 -->
        <test-method signature="testcase3(java.lang.String,java.lang.String,java.lang.String)[pri:0, instance:Project.HomePageTest@1f010bf0]" started-at="2021-06-06T17:04:04 IST" name="testcase3" data-provider="getDatabase" finished-at="2021-06-06T17:04:05 IST" duration-ms="1824" status="PASS">
          <params>
            <param index="0">
              <value>
                <![CDATA[Beetroot]]>
              </value>
            </param>
            <param index="1">
              <value>
                <![CDATA[1 Kg]]>
              </value>
            </param>
            <param index="2">
              <value>
                <![CDATA[32]]>
              </value>
            </param>
          </params>
          <reporter-output>
          </reporter-output>
        </test-method> <!-- testcase3 -->
        <test-method signature="testcase3(java.lang.String,java.lang.String,java.lang.String)[pri:0, instance:Project.HomePageTest@1f010bf0]" started-at="2021-06-06T17:04:05 IST" name="testcase3" data-provider="getDatabase" finished-at="2021-06-06T17:04:07 IST" duration-ms="1737" status="PASS">
          <params>
            <param index="0">
              <value>
                <![CDATA[Carrot]]>
              </value>
            </param>
            <param index="1">
              <value>
                <![CDATA[1 Kg]]>
              </value>
            </param>
            <param index="2">
              <value>
                <![CDATA[56]]>
              </value>
            </param>
          </params>
          <reporter-output>
          </reporter-output>
        </test-method> <!-- testcase3 -->
        <test-method signature="testcase3(java.lang.String,java.lang.String,java.lang.String)[pri:0, instance:Project.HomePageTest@1f010bf0]" started-at="2021-06-06T17:04:07 IST" name="testcase3" data-provider="getDatabase" finished-at="2021-06-06T17:04:09 IST" duration-ms="1708" status="PASS">
          <params>
            <param index="0">
              <value>
                <![CDATA[Tomato]]>
              </value>
            </param>
            <param index="1">
              <value>
                <![CDATA[1 Kg]]>
              </value>
            </param>
            <param index="2">
              <value>
                <![CDATA[16]]>
              </value>
            </param>
          </params>
          <reporter-output>
          </reporter-output>
        </test-method> <!-- testcase3 -->
        <test-method signature="testcase3(java.lang.String,java.lang.String,java.lang.String)[pri:0, instance:Project.HomePageTest@1f010bf0]" started-at="2021-06-06T17:04:09 IST" name="testcase3" data-provider="getDatabase" finished-at="2021-06-06T17:04:11 IST" duration-ms="1726" status="PASS">
          <params>
            <param index="0">
              <value>
                <![CDATA[Beans]]>
              </value>
            </param>
            <param index="1">
              <value>
                <![CDATA[1 Kg]]>
              </value>
            </param>
            <param index="2">
              <value>
                <![CDATA[82]]>
              </value>
            </param>
          </params>
          <reporter-output>
          </reporter-output>
        </test-method> <!-- testcase3 -->
        <test-method signature="testcase3(java.lang.String,java.lang.String,java.lang.String)[pri:0, instance:Project.HomePageTest@1f010bf0]" started-at="2021-06-06T17:04:11 IST" name="testcase3" data-provider="getDatabase" finished-at="2021-06-06T17:04:13 IST" duration-ms="2015" status="PASS">
          <params>
            <param index="0">
              <value>
                <![CDATA[Brinjal]]>
              </value>
            </param>
            <param index="1">
              <value>
                <![CDATA[1 Kg]]>
              </value>
            </param>
            <param index="2">
              <value>
                <![CDATA[35]]>
              </value>
            </param>
          </params>
          <reporter-output>
          </reporter-output>
        </test-method> <!-- testcase3 -->
        <test-method signature="testcase3(java.lang.String,java.lang.String,java.lang.String)[pri:0, instance:Project.HomePageTest@1f010bf0]" started-at="2021-06-06T17:04:13 IST" name="testcase3" data-provider="getDatabase" finished-at="2021-06-06T17:04:14 IST" duration-ms="1677" status="PASS">
          <params>
            <param index="0">
              <value>
                <![CDATA[Mushroom]]>
              </value>
            </param>
            <param index="1">
              <value>
                <![CDATA[1 Kg]]>
              </value>
            </param>
            <param index="2">
              <value>
                <![CDATA[75]]>
              </value>
            </param>
          </params>
          <reporter-output>
          </reporter-output>
        </test-method> <!-- testcase3 -->
        <test-method signature="testcase3(java.lang.String,java.lang.String,java.lang.String)[pri:0, instance:Project.HomePageTest@1f010bf0]" started-at="2021-06-06T17:04:14 IST" name="testcase3" data-provider="getDatabase" finished-at="2021-06-06T17:04:16 IST" duration-ms="1688" status="PASS">
          <params>
            <param index="0">
              <value>
                <![CDATA[Potato]]>
              </value>
            </param>
            <param index="1">
              <value>
                <![CDATA[1 Kg]]>
              </value>
            </param>
            <param index="2">
              <value>
                <![CDATA[22]]>
              </value>
            </param>
          </params>
          <reporter-output>
          </reporter-output>
        </test-method> <!-- testcase3 -->
        <test-method signature="testcase3(java.lang.String,java.lang.String,java.lang.String)[pri:0, instance:Project.HomePageTest@1f010bf0]" started-at="2021-06-06T17:04:16 IST" name="testcase3" data-provider="getDatabase" finished-at="2021-06-06T17:04:18 IST" duration-ms="1654" status="PASS">
          <params>
            <param index="0">
              <value>
                <![CDATA[Pumpkin]]>
              </value>
            </param>
            <param index="1">
              <value>
                <![CDATA[1 Kg]]>
              </value>
            </param>
            <param index="2">
              <value>
                <![CDATA[48]]>
              </value>
            </param>
          </params>
          <reporter-output>
          </reporter-output>
        </test-method> <!-- testcase3 -->
        <test-method signature="testcase3(java.lang.String,java.lang.String,java.lang.String)[pri:0, instance:Project.HomePageTest@1f010bf0]" started-at="2021-06-06T17:04:18 IST" name="testcase3" data-provider="getDatabase" finished-at="2021-06-06T17:04:19 IST" duration-ms="1684" status="PASS">
          <params>
            <param index="0">
              <value>
                <![CDATA[Capsicum]]>
              </value>
            </param>
            <param index="1">
              <value>
                <![CDATA[1 Kg]]>
              </value>
            </param>
            <param index="2">
              <value>
                <![CDATA[60]]>
              </value>
            </param>
          </params>
          <reporter-output>
          </reporter-output>
        </test-method> <!-- testcase3 -->
        <test-method signature="testcase3(java.lang.String,java.lang.String,java.lang.String)[pri:0, instance:Project.HomePageTest@1f010bf0]" started-at="2021-06-06T17:04:19 IST" name="testcase3" data-provider="getDatabase" finished-at="2021-06-06T17:04:21 IST" duration-ms="1672" status="PASS">
          <params>
            <param index="0">
              <value>
                <![CDATA[Corn]]>
              </value>
            </param>
            <param index="1">
              <value>
                <![CDATA[1 Kg]]>
              </value>
            </param>
            <param index="2">
              <value>
                <![CDATA[75]]>
              </value>
            </param>
          </params>
          <reporter-output>
          </reporter-output>
        </test-method> <!-- testcase3 -->
        <test-method signature="testcase3(java.lang.String,java.lang.String,java.lang.String)[pri:0, instance:Project.HomePageTest@1f010bf0]" started-at="2021-06-06T17:04:21 IST" name="testcase3" data-provider="getDatabase" finished-at="2021-06-06T17:04:23 IST" duration-ms="1763" status="PASS">
          <params>
            <param index="0">
              <value>
                <![CDATA[Onion]]>
              </value>
            </param>
            <param index="1">
              <value>
                <![CDATA[1 Kg]]>
              </value>
            </param>
            <param index="2">
              <value>
                <![CDATA[16]]>
              </value>
            </param>
          </params>
          <reporter-output>
          </reporter-output>
        </test-method> <!-- testcase3 -->
        <test-method signature="testcase3(java.lang.String,java.lang.String,java.lang.String)[pri:0, instance:Project.HomePageTest@1f010bf0]" started-at="2021-06-06T17:04:23 IST" name="testcase3" data-provider="getDatabase" finished-at="2021-06-06T17:04:24 IST" duration-ms="1683" status="PASS">
          <params>
            <param index="0">
              <value>
                <![CDATA[Apple]]>
              </value>
            </param>
            <param index="1">
              <value>
                <![CDATA[1 Kg]]>
              </value>
            </param>
            <param index="2">
              <value>
                <![CDATA[72]]>
              </value>
            </param>
          </params>
          <reporter-output>
          </reporter-output>
        </test-method> <!-- testcase3 -->
        <test-method signature="testcase3(java.lang.String,java.lang.String,java.lang.String)[pri:0, instance:Project.HomePageTest@1f010bf0]" started-at="2021-06-06T17:04:24 IST" name="testcase3" data-provider="getDatabase" finished-at="2021-06-06T17:04:26 IST" duration-ms="1688" status="PASS">
          <params>
            <param index="0">
              <value>
                <![CDATA[Banana]]>
              </value>
            </param>
            <param index="1">
              <value>
                <![CDATA[1 Kg]]>
              </value>
            </param>
            <param index="2">
              <value>
                <![CDATA[45]]>
              </value>
            </param>
          </params>
          <reporter-output>
          </reporter-output>
        </test-method> <!-- testcase3 -->
        <test-method signature="testcase3(java.lang.String,java.lang.String,java.lang.String)[pri:0, instance:Project.HomePageTest@1f010bf0]" started-at="2021-06-06T17:04:26 IST" name="testcase3" data-provider="getDatabase" finished-at="2021-06-06T17:04:28 IST" duration-ms="1627" status="PASS">
          <params>
            <param index="0">
              <value>
                <![CDATA[Grapes]]>
              </value>
            </param>
            <param index="1">
              <value>
                <![CDATA[1 Kg]]>
              </value>
            </param>
            <param index="2">
              <value>
                <![CDATA[60]]>
              </value>
            </param>
          </params>
          <reporter-output>
          </reporter-output>
        </test-method> <!-- testcase3 -->
        <test-method signature="testcase3(java.lang.String,java.lang.String,java.lang.String)[pri:0, instance:Project.HomePageTest@1f010bf0]" started-at="2021-06-06T17:04:28 IST" name="testcase3" data-provider="getDatabase" finished-at="2021-06-06T17:04:29 IST" duration-ms="1646" status="PASS">
          <params>
            <param index="0">
              <value>
                <![CDATA[Mango]]>
              </value>
            </param>
            <param index="1">
              <value>
                <![CDATA[1 Kg]]>
              </value>
            </param>
            <param index="2">
              <value>
                <![CDATA[75]]>
              </value>
            </param>
          </params>
          <reporter-output>
          </reporter-output>
        </test-method> <!-- testcase3 -->
        <test-method signature="testcase3(java.lang.String,java.lang.String,java.lang.String)[pri:0, instance:Project.HomePageTest@1f010bf0]" started-at="2021-06-06T17:04:29 IST" name="testcase3" data-provider="getDatabase" finished-at="2021-06-06T17:04:31 IST" duration-ms="1646" status="PASS">
          <params>
            <param index="0">
              <value>
                <![CDATA[Musk Melon]]>
              </value>
            </param>
            <param index="1">
              <value>
                <![CDATA[1 Kg]]>
              </value>
            </param>
            <param index="2">
              <value>
                <![CDATA[36]]>
              </value>
            </param>
          </params>
          <reporter-output>
          </reporter-output>
        </test-method> <!-- testcase3 -->
        <test-method signature="testcase3(java.lang.String,java.lang.String,java.lang.String)[pri:0, instance:Project.HomePageTest@1f010bf0]" started-at="2021-06-06T17:04:31 IST" name="testcase3" data-provider="getDatabase" finished-at="2021-06-06T17:04:33 IST" duration-ms="1733" status="PASS">
          <params>
            <param index="0">
              <value>
                <![CDATA[Orange]]>
              </value>
            </param>
            <param index="1">
              <value>
                <![CDATA[1 Kg]]>
              </value>
            </param>
            <param index="2">
              <value>
                <![CDATA[75]]>
              </value>
            </param>
          </params>
          <reporter-output>
          </reporter-output>
        </test-method> <!-- testcase3 -->
        <test-method signature="testcase3(java.lang.String,java.lang.String,java.lang.String)[pri:0, instance:Project.HomePageTest@1f010bf0]" started-at="2021-06-06T17:04:33 IST" name="testcase3" data-provider="getDatabase" finished-at="2021-06-06T17:04:34 IST" duration-ms="1608" status="PASS">
          <params>
            <param index="0">
              <value>
                <![CDATA[Pears]]>
              </value>
            </param>
            <param index="1">
              <value>
                <![CDATA[1 Kg]]>
              </value>
            </param>
            <param index="2">
              <value>
                <![CDATA[69]]>
              </value>
            </param>
          </params>
          <reporter-output>
          </reporter-output>
        </test-method> <!-- testcase3 -->
        <test-method signature="testcase3(java.lang.String,java.lang.String,java.lang.String)[pri:0, instance:Project.HomePageTest@1f010bf0]" started-at="2021-06-06T17:04:34 IST" name="testcase3" data-provider="getDatabase" finished-at="2021-06-06T17:04:36 IST" duration-ms="1625" status="PASS">
          <params>
            <param index="0">
              <value>
                <![CDATA[Pomegranate]]>
              </value>
            </param>
            <param index="1">
              <value>
                <![CDATA[1 Kg]]>
              </value>
            </param>
            <param index="2">
              <value>
                <![CDATA[95]]>
              </value>
            </param>
          </params>
          <reporter-output>
          </reporter-output>
        </test-method> <!-- testcase3 -->
        <test-method signature="testcase3(java.lang.String,java.lang.String,java.lang.String)[pri:0, instance:Project.HomePageTest@1f010bf0]" started-at="2021-06-06T17:04:36 IST" name="testcase3" data-provider="getDatabase" finished-at="2021-06-06T17:04:38 IST" duration-ms="1628" status="PASS">
          <params>
            <param index="0">
              <value>
                <![CDATA[Raspberry]]>
              </value>
            </param>
            <param index="1">
              <value>
                <![CDATA[1/4 Kg]]>
              </value>
            </param>
            <param index="2">
              <value>
                <![CDATA[160]]>
              </value>
            </param>
          </params>
          <reporter-output>
          </reporter-output>
        </test-method> <!-- testcase3 -->
        <test-method signature="testcase3(java.lang.String,java.lang.String,java.lang.String)[pri:0, instance:Project.HomePageTest@1f010bf0]" started-at="2021-06-06T17:04:38 IST" name="testcase3" data-provider="getDatabase" finished-at="2021-06-06T17:04:39 IST" duration-ms="1645" status="PASS">
          <params>
            <param index="0">
              <value>
                <![CDATA[Strawberry]]>
              </value>
            </param>
            <param index="1">
              <value>
                <![CDATA[1/4 Kg]]>
              </value>
            </param>
            <param index="2">
              <value>
                <![CDATA[180]]>
              </value>
            </param>
          </params>
          <reporter-output>
          </reporter-output>
        </test-method> <!-- testcase3 -->
        <test-method signature="testcase3(java.lang.String,java.lang.String,java.lang.String)[pri:0, instance:Project.HomePageTest@1f010bf0]" started-at="2021-06-06T17:04:39 IST" name="testcase3" data-provider="getDatabase" finished-at="2021-06-06T17:04:41 IST" duration-ms="1605" status="PASS">
          <params>
            <param index="0">
              <value>
                <![CDATA[Water Melon]]>
              </value>
            </param>
            <param index="1">
              <value>
                <![CDATA[1 Kg]]>
              </value>
            </param>
            <param index="2">
              <value>
                <![CDATA[28]]>
              </value>
            </param>
          </params>
          <reporter-output>
          </reporter-output>
        </test-method> <!-- testcase3 -->
        <test-method signature="testcase3(java.lang.String,java.lang.String,java.lang.String)[pri:0, instance:Project.HomePageTest@1f010bf0]" started-at="2021-06-06T17:04:41 IST" name="testcase3" data-provider="getDatabase" finished-at="2021-06-06T17:04:43 IST" duration-ms="1698" status="PASS">
          <params>
            <param index="0">
              <value>
                <![CDATA[Almonds]]>
              </value>
            </param>
            <param index="1">
              <value>
                <![CDATA[1/4 Kg]]>
              </value>
            </param>
            <param index="2">
              <value>
                <![CDATA[200]]>
              </value>
            </param>
          </params>
          <reporter-output>
          </reporter-output>
        </test-method> <!-- testcase3 -->
        <test-method signature="testcase3(java.lang.String,java.lang.String,java.lang.String)[pri:0, instance:Project.HomePageTest@1f010bf0]" started-at="2021-06-06T17:04:43 IST" name="testcase3" data-provider="getDatabase" finished-at="2021-06-06T17:04:44 IST" duration-ms="1667" status="PASS">
          <params>
            <param index="0">
              <value>
                <![CDATA[Pista]]>
              </value>
            </param>
            <param index="1">
              <value>
                <![CDATA[1/4 Kg]]>
              </value>
            </param>
            <param index="2">
              <value>
                <![CDATA[190]]>
              </value>
            </param>
          </params>
          <reporter-output>
          </reporter-output>
        </test-method> <!-- testcase3 -->
        <test-method signature="testcase3(java.lang.String,java.lang.String,java.lang.String)[pri:0, instance:Project.HomePageTest@1f010bf0]" started-at="2021-06-06T17:04:44 IST" name="testcase3" data-provider="getDatabase" finished-at="2021-06-06T17:04:46 IST" duration-ms="1650" status="PASS">
          <params>
            <param index="0">
              <value>
                <![CDATA[Nuts Mixture]]>
              </value>
            </param>
            <param index="1">
              <value>
                <![CDATA[1 Kg]]>
              </value>
            </param>
            <param index="2">
              <value>
                <![CDATA[950]]>
              </value>
            </param>
          </params>
          <reporter-output>
          </reporter-output>
        </test-method> <!-- testcase3 -->
        <test-method signature="testcase3(java.lang.String,java.lang.String,java.lang.String)[pri:0, instance:Project.HomePageTest@1f010bf0]" started-at="2021-06-06T17:04:46 IST" name="testcase3" data-provider="getDatabase" finished-at="2021-06-06T17:04:48 IST" duration-ms="1637" status="PASS">
          <params>
            <param index="0">
              <value>
                <![CDATA[Cashews]]>
              </value>
            </param>
            <param index="1">
              <value>
                <![CDATA[1 Kg]]>
              </value>
            </param>
            <param index="2">
              <value>
                <![CDATA[650]]>
              </value>
            </param>
          </params>
          <reporter-output>
          </reporter-output>
        </test-method> <!-- testcase3 -->
        <test-method signature="testcase3(java.lang.String,java.lang.String,java.lang.String)[pri:0, instance:Project.HomePageTest@1f010bf0]" started-at="2021-06-06T17:04:48 IST" name="testcase3" data-provider="getDatabase" finished-at="2021-06-06T17:04:49 IST" duration-ms="1665" status="PASS">
          <params>
            <param index="0">
              <value>
                <![CDATA[Walnuts]]>
              </value>
            </param>
            <param index="1">
              <value>
                <![CDATA[1/4 Kg]]>
              </value>
            </param>
            <param index="2">
              <value>
                <![CDATA[170]]>
              </value>
            </param>
          </params>
          <reporter-output>
          </reporter-output>
        </test-method> <!-- testcase3 -->
        <test-method signature="testcase4()[pri:0, instance:Project.HomePageTest@1f010bf0]" started-at="2021-06-06T17:04:49 IST" name="testcase4" finished-at="2021-06-06T17:05:33 IST" duration-ms="44298" status="PASS">
          <reporter-output>
          </reporter-output>
        </test-method> <!-- testcase4 -->
        <test-method signature="testcase5()[pri:0, instance:Project.HomePageTest@1f010bf0]" started-at="2021-06-06T17:05:33 IST" name="testcase5" finished-at="2021-06-06T17:05:36 IST" duration-ms="2953" status="PASS">
          <reporter-output>
          </reporter-output>
        </test-method> <!-- testcase5 -->
        <test-method signature="testcase6()[pri:0, instance:Project.HomePageTest@1f010bf0]" started-at="2021-06-06T17:05:36 IST" name="testcase6" finished-at="2021-06-06T17:05:37 IST" duration-ms="768" status="PASS">
          <reporter-output>
          </reporter-output>
        </test-method> <!-- testcase6 -->
        <test-method signature="testcase7()[pri:0, instance:Project.HomePageTest@1f010bf0]" started-at="2021-06-06T17:05:37 IST" name="testcase7" finished-at="2021-06-06T17:05:40 IST" duration-ms="3128" status="PASS">
          <reporter-output>
          </reporter-output>
        </test-method> <!-- testcase7 -->
        <test-method signature="testcase8()[pri:0, instance:Project.HomePageTest@1f010bf0]" started-at="2021-06-06T17:05:40 IST" name="testcase8" finished-at="2021-06-06T17:05:42 IST" duration-ms="1838" status="PASS">
          <reporter-output>
          </reporter-output>
        </test-method> <!-- testcase8 -->
        <test-method is-config="true" signature="close()[pri:0, instance:Project.HomePageTest@1f010bf0]" started-at="2021-06-06T17:05:42 IST" name="close" finished-at="2021-06-06T17:05:42 IST" duration-ms="265" status="PASS">
          <reporter-output>
          </reporter-output>
        </test-method> <!-- close -->
      </class> <!-- Project.HomePageTest -->
    </test> <!-- Test -->
  </suite> <!-- Suite -->
</testng-results>
