<?xml version="1.0" encoding="UTF-8"?>
<testsuite xmlns:xsi="http://www.w3.org/2001/XMLSchema-instance" xsi:noNamespaceSchemaLocation="https://maven.apache.org/surefire/maven-surefire-plugin/xsd/surefire-test-report-3.0.xsd" version="3.0" name="TestSuite" time="125.115" tests="37" errors="0" skipped="0" failures="0">
  <properties>
[...]
</properties>
  <testcase name="testcase1" classname="Project.HomePageTest" time="0.093">
    <system-err><![CDATA[ERROR StatusLogger No log4j2 configuration file found. Using default configuration: logging only errors to the console.
Starting ChromeDriver 91.0.4472.19 (1bf021f248676a0b2ab3ee0561d83a59e424c23e-refs/branch-heads/4472@{#288}) on port 28368
Only local connections are allowed.
Please see https://chromedriver.chromium.org/security-considerations for suggestions on keeping ChromeDriver safe.
ChromeDriver was started successfully.
Jun 06, 2021 5:03:47 PM org.openqa.selenium.remote.ProtocolHandshake createSession
INFO: Detected dialect: W3C
]]></system-err>
  </testcase>
  <testcase name="testcase2" classname="Project.HomePageTest" time="3.354"/>
  <testcase name="testcase3[Brocolli, 1 Kg, 120](1)" classname="Project.HomePageTest" time="2.569"/>
  <testcase name="testcase3[Cauliflower, 1 Kg, 60](2)" classname="Project.HomePageTest" time="2.054"/>
  <testcase name="testcase3[Cucumber, 1 Kg, 48](3)" classname="Project.HomePageTest" time="1.83"/>
  <testcase name="testcase3[Beetroot, 1 Kg, 32](4)" classname="Project.HomePageTest" time="1.825"/>
  <testcase name="testcase3[Carrot, 1 Kg, 56](5)" classname="Project.HomePageTest" time="1.737"/>
  <testcase name="testcase3[Tomato, 1 Kg, 16](6)" classname="Project.HomePageTest" time="1.708"/>
  <testcase name="testcase3[Beans, 1 Kg, 82](7)" classname="Project.HomePageTest" time="1.726"/>
  <testcase name="testcase3[Brinjal, 1 Kg, 35](8)" classname="Project.HomePageTest" time="2.014"/>
  <testcase name="testcase3[Mushroom, 1 Kg, 75](9)" classname="Project.HomePageTest" time="1.676"/>
  <testcase name="testcase3[Potato, 1 Kg, 22](10)" classname="Project.HomePageTest" time="1.687"/>
  <testcase name="testcase3[Pumpkin, 1 Kg, 48](11)" classname="Project.HomePageTest" time="1.654"/>
  <testcase name="testcase3[Capsicum, 1 Kg, 60](12)" classname="Project.HomePageTest" time="1.686">
    <system-out><![CDATA[17:04:19.803 [main] ERROR pageObjects.base - Capsicum quantity is not provided. Check and Update
]]></system-out>
  </testcase>
  <testcase name="testcase3[Corn, 1 Kg, 75](13)" classname="Project.HomePageTest" time="1.672"/>
  <testcase name="testcase3[Onion, 1 Kg, 16](14)" classname="Project.HomePageTest" time="1.763"/>
  <testcase name="testcase3[Apple, 1 Kg, 72](15)" classname="Project.HomePageTest" time="1.683"/>
  <testcase name="testcase3[Banana, 1 Kg, 45](16)" classname="Project.HomePageTest" time="1.687"/>
  <testcase name="testcase3[Grapes, 1 Kg, 60](17)" classname="Project.HomePageTest" time="1.627"/>
  <testcase name="testcase3[Mango, 1 Kg, 75](18)" classname="Project.HomePageTest" time="1.647"/>
  <testcase name="testcase3[Musk Melon, 1 Kg, 36](19)" classname="Project.HomePageTest" time="1.646"/>
  <testcase name="testcase3[Orange, 1 Kg, 75](20)" classname="Project.HomePageTest" time="1.732"/>
  <testcase name="testcase3[Pears, 1 Kg, 69](21)" classname="Project.HomePageTest" time="1.609"/>
  <testcase name="testcase3[Pomegranate, 1 Kg, 95](22)" classname="Project.HomePageTest" time="1.625"/>
  <testcase name="testcase3[Raspberry, 1/4 Kg, 160](23)" classname="Project.HomePageTest" time="1.628"/>
  <testcase name="testcase3[Strawberry, 1/4 Kg, 180](24)" classname="Project.HomePageTest" time="1.647"/>
  <testcase name="testcase3[Water Melon, 1 Kg, 28](25)" classname="Project.HomePageTest" time="1.603"/>
  <testcase name="testcase3[Almonds, 1/4 Kg, 200](26)" classname="Project.HomePageTest" time="1.698"/>
  <testcase name="testcase3[Pista, 1/4 Kg, 190](27)" classname="Project.HomePageTest" time="1.668"/>
  <testcase name="testcase3[Nuts Mixture, 1 Kg, 950](28)" classname="Project.HomePageTest" time="1.65"/>
  <testcase name="testcase3[Cashews, 1 Kg, 650](29)" classname="Project.HomePageTest" time="1.636"/>
  <testcase name="testcase3[Walnuts, 1/4 Kg, 170](30)" classname="Project.HomePageTest" time="1.664"/>
  <testcase name="testcase4" classname="Project.HomePageTest" time="44.299"/>
  <testcase name="testcase5" classname="Project.HomePageTest" time="2.954"/>
  <testcase name="testcase6" classname="Project.HomePageTest" time="0.769"/>
  <testcase name="testcase7" classname="Project.HomePageTest" time="3.137"/>
  <testcase name="testcase8" classname="Project.HomePageTest" time="1.839"/>
</testsuite>