<?xml version="1.0" encoding="UTF-8"?>
<testng-results ignored="0" total="37" passed="37" failed="0" skipped="0">
  <reporter-output>
  </reporter-output>
  <suite started-at="2021-06-06T17:45:18 IST" name="Suite" finished-at="2021-06-06T17:47:54 IST" duration-ms="156043">
    <groups>
    </groups>
    <test started-at="2021-06-06T17:45:18 IST" name="Test" finished-at="2021-06-06T17:47:54 IST" duration-ms="156043">
      <class name="Project.HomePageTest">
        <test-method is-config="true" signature="intialization()[pri:0, instance:Project.HomePageTest@3bffddff]" started-at="2021-06-06T17:45:18 IST" name="intialization" finished-at="2021-06-06T17:45:38 IST" duration-ms="19726" status="PASS">
          <reporter-output>
          </reporter-output>
        </test-method> <!-- intialization -->
        <test-method signature="testcase1()[pri:0, instance:Project.HomePageTest@3bffddff]" started-at="2021-06-06T17:45:38 IST" name="testcase1" finished-at="2021-06-06T17:45:38 IST" duration-ms="659" status="PASS">
          <reporter-output>
          </reporter-output>
        </test-method> <!-- testcase1 -->
        <test-method signature="testcase2()[pri:0, instance:Project.HomePageTest@3bffddff]" started-at="2021-06-06T17:45:39 IST" name="testcase2" finished-at="2021-06-06T17:45:44 IST" duration-ms="5455" status="PASS">
          <reporter-output>
          </reporter-output>
        </test-method> <!-- testcase2 -->
        <test-method signature="testcase3(java.lang.String,java.lang.String,java.lang.String)[pri:0, instance:Project.HomePageTest@3bffddff]" started-at="2021-06-06T17:45:48 IST" name="testcase3" data-provider="getDatabase" finished-at="2021-06-06T17:45:51 IST" duration-ms="2492" status="PASS">
          <params>
            <param index="0">
              <value>
                <![CDATA[Brocolli]]>
              </value>
            </param>
            <param index="1">
              <value>
                <![CDATA[1 Kg]]>
              </value>
            </param>
            <param index="2">
              <value>
                <![CDATA[120]]>
              </value>
            </param>
          </params>
          <reporter-output>
          </reporter-output>
        </test-method> <!-- testcase3 -->
        <test-method signature="testcase3(java.lang.String,java.lang.String,java.lang.String)[pri:0, instance:Project.HomePageTest@3bffddff]" started-at="2021-06-06T17:45:51 IST" name="testcase3" data-provider="getDatabase" finished-at="2021-06-06T17:45:53 IST" duration-ms="2131" status="PASS">
          <params>
            <param index="0">
              <value>
                <![CDATA[Cauliflower]]>
              </value>
            </param>
            <param index="1">
              <value>
                <![CDATA[1 Kg]]>
              </value>
            </param>
            <param index="2">
              <value>
                <![CDATA[60]]>
              </value>
            </param>
          </params>
          <reporter-output>
          </reporter-output>
        </test-method> <!-- testcase3 -->
        <test-method signature="testcase3(java.lang.String,java.lang.String,java.lang.String)[pri:0, instance:Project.HomePageTest@3bffddff]" started-at="2021-06-06T17:45:53 IST" name="testcase3" data-provider="getDatabase" finished-at="2021-06-06T17:45:55 IST" duration-ms="1851" status="PASS">
          <params>
            <param index="0">
              <value>
                <![CDATA[Cucumber]]>
              </value>
            </param>
            <param index="1">
              <value>
                <![CDATA[1 Kg]]>
              </value>
            </param>
            <param index="2">
              <value>
                <![CDATA[48]]>
              </value>
            </param>
          </params>
          <reporter-output>
          </reporter-output>
        </test-method> <!-- testcase3 -->
        <test-method signature="testcase3(java.lang.String,java.lang.String,java.lang.String)[pri:0, instance:Project.HomePageTest@3bffddff]" started-at="2021-06-06T17:45:55 IST" name="testcase3" data-provider="getDatabase" finished-at="2021-06-06T17:45:56 IST" duration-ms="1776" status="PASS">
          <params>
            <param index="0">
              <value>
                <![CDATA[Beetroot]]>
              </value>
            </param>
            <param index="1">
              <value>
                <![CDATA[1 Kg]]>
              </value>
            </param>
            <param index="2">
              <value>
                <![CDATA[32]]>
              </value>
            </param>
          </params>
          <reporter-output>
          </reporter-output>
        </test-method> <!-- testcase3 -->
        <test-method signature="testcase3(java.lang.String,java.lang.String,java.lang.String)[pri:0, instance:Project.HomePageTest@3bffddff]" started-at="2021-06-06T17:45:56 IST" name="testcase3" data-provider="getDatabase" finished-at="2021-06-06T17:45:58 IST" duration-ms="1736" status="PASS">
          <params>
            <param index="0">
              <value>
                <![CDATA[Carrot]]>
              </value>
            </param>
            <param index="1">
              <value>
                <![CDATA[1 Kg]]>
              </value>
            </param>
            <param index="2">
              <value>
                <![CDATA[56]]>
              </value>
            </param>
          </params>
          <reporter-output>
          </reporter-output>
        </test-method> <!-- testcase3 -->
        <test-method signature="testcase3(java.lang.String,java.lang.String,java.lang.String)[pri:0, instance:Project.HomePageTest@3bffddff]" started-at="2021-06-06T17:45:58 IST" name="testcase3" data-provider="getDatabase" finished-at="2021-06-06T17:46:00 IST" duration-ms="1720" status="PASS">
          <params>
            <param index="0">
              <value>
                <![CDATA[Tomato]]>
              </value>
            </param>
            <param index="1">
              <value>
                <![CDATA[1 Kg]]>
              </value>
            </param>
            <param index="2">
              <value>
                <![CDATA[16]]>
              </value>
            </param>
          </params>
          <reporter-output>
          </reporter-output>
        </test-method> <!-- testcase3 -->
        <test-method signature="testcase3(java.lang.String,java.lang.String,java.lang.String)[pri:0, instance:Project.HomePageTest@3bffddff]" started-at="2021-06-06T17:46:00 IST" name="testcase3" data-provider="getDatabase" finished-at="2021-06-06T17:46:02 IST" duration-ms="1809" status="PASS">
          <params>
            <param index="0">
              <value>
                <![CDATA[Beans]]>
              </value>
            </param>
            <param index="1">
              <value>
                <![CDATA[1 Kg]]>
              </value>
            </param>
            <param index="2">
              <value>
                <![CDATA[82]]>
              </value>
            </param>
          </params>
          <reporter-output>
          </reporter-output>
        </test-method> <!-- testcase3 -->
        <test-method signature="testcase3(java.lang.String,java.lang.String,java.lang.String)[pri:0, instance:Project.HomePageTest@3bffddff]" started-at="2021-06-06T17:46:02 IST" name="testcase3" data-provider="getDatabase" finished-at="2021-06-06T17:46:04 IST" duration-ms="1969" status="PASS">
          <params>
            <param index="0">
              <value>
                <![CDATA[Brinjal]]>
              </value>
            </param>
            <param index="1">
              <value>
                <![CDATA[1 Kg]]>
              </value>
            </param>
            <param index="2">
              <value>
                <![CDATA[35]]>
              </value>
            </param>
          </params>
          <reporter-output>
          </reporter-output>
        </test-method> <!-- testcase3 -->
        <test-method signature="testcase3(java.lang.String,java.lang.String,java.lang.String)[pri:0, instance:Project.HomePageTest@3bffddff]" started-at="2021-06-06T17:46:04 IST" name="testcase3" data-provider="getDatabase" finished-at="2021-06-06T17:46:05 IST" duration-ms="1669" status="PASS">
          <params>
            <param index="0">
              <value>
                <![CDATA[Mushroom]]>
              </value>
            </param>
            <param index="1">
              <value>
                <![CDATA[1 Kg]]>
              </value>
            </param>
            <param index="2">
              <value>
                <![CDATA[75]]>
              </value>
            </param>
          </params>
          <reporter-output>
          </reporter-output>
        </test-method> <!-- testcase3 -->
        <test-method signature="testcase3(java.lang.String,java.lang.String,java.lang.String)[pri:0, instance:Project.HomePageTest@3bffddff]" started-at="2021-06-06T17:46:05 IST" name="testcase3" data-provider="getDatabase" finished-at="2021-06-06T17:46:07 IST" duration-ms="1692" status="PASS">
          <params>
            <param index="0">
              <value>
                <![CDATA[Potato]]>
              </value>
            </param>
            <param index="1">
              <value>
                <![CDATA[1 Kg]]>
              </value>
            </param>
            <param index="2">
              <value>
                <![CDATA[22]]>
              </value>
            </param>
          </params>
          <reporter-output>
          </reporter-output>
        </test-method> <!-- testcase3 -->
        <test-method signature="testcase3(java.lang.String,java.lang.String,java.lang.String)[pri:0, instance:Project.HomePageTest@3bffddff]" started-at="2021-06-06T17:46:07 IST" name="testcase3" data-provider="getDatabase" finished-at="2021-06-06T17:46:09 IST" duration-ms="1637" status="PASS">
          <params>
            <param index="0">
              <value>
                <![CDATA[Pumpkin]]>
              </value>
            </param>
            <param index="1">
              <value>
                <![CDATA[1 Kg]]>
              </value>
            </param>
            <param index="2">
              <value>
                <![CDATA[48]]>
              </value>
            </param>
          </params>
          <reporter-output>
          </reporter-output>
        </test-method> <!-- testcase3 -->
        <test-method signature="testcase3(java.lang.String,java.lang.String,java.lang.String)[pri:0, instance:Project.HomePageTest@3bffddff]" started-at="2021-06-06T17:46:09 IST" name="testcase3" data-provider="getDatabase" finished-at="2021-06-06T17:46:10 IST" duration-ms="1763" status="PASS">
          <params>
            <param index="0">
              <value>
                <![CDATA[Capsicum]]>
              </value>
            </param>
            <param index="1">
              <value>
                <![CDATA[1 Kg]]>
              </value>
            </param>
            <param index="2">
              <value>
                <![CDATA[60]]>
              </value>
            </param>
          </params>
          <reporter-output>
          </reporter-output>
        </test-method> <!-- testcase3 -->
        <test-method signature="testcase3(java.lang.String,java.lang.String,java.lang.String)[pri:0, instance:Project.HomePageTest@3bffddff]" started-at="2021-06-06T17:46:10 IST" name="testcase3" data-provider="getDatabase" finished-at="2021-06-06T17:46:12 IST" duration-ms="1736" status="PASS">
          <params>
            <param index="0">
              <value>
                <![CDATA[Corn]]>
              </value>
            </param>
            <param index="1">
              <value>
                <![CDATA[1 Kg]]>
              </value>
            </param>
            <param index="2">
              <value>
                <![CDATA[75]]>
              </value>
            </param>
          </params>
          <reporter-output>
          </reporter-output>
        </test-method> <!-- testcase3 -->
        <test-method signature="testcase3(java.lang.String,java.lang.String,java.lang.String)[pri:0, instance:Project.HomePageTest@3bffddff]" started-at="2021-06-06T17:46:12 IST" name="testcase3" data-provider="getDatabase" finished-at="2021-06-06T17:46:14 IST" duration-ms="1779" status="PASS">
          <params>
            <param index="0">
              <value>
                <![CDATA[Onion]]>
              </value>
            </param>
            <param index="1">
              <value>
                <![CDATA[1 Kg]]>
              </value>
            </param>
            <param index="2">
              <value>
                <![CDATA[16]]>
              </value>
            </param>
          </params>
          <reporter-output>
          </reporter-output>
        </test-method> <!-- testcase3 -->
        <test-method signature="testcase3(java.lang.String,java.lang.String,java.lang.String)[pri:0, instance:Project.HomePageTest@3bffddff]" started-at="2021-06-06T17:46:14 IST" name="testcase3" data-provider="getDatabase" finished-at="2021-06-06T17:46:16 IST" duration-ms="1609" status="PASS">
          <params>
            <param index="0">
              <value>
                <![CDATA[Apple]]>
              </value>
            </param>
            <param index="1">
              <value>
                <![CDATA[1 Kg]]>
              </value>
            </param>
            <param index="2">
              <value>
                <![CDATA[72]]>
              </value>
            </param>
          </params>
          <reporter-output>
          </reporter-output>
        </test-method> <!-- testcase3 -->
        <test-method signature="testcase3(java.lang.String,java.lang.String,java.lang.String)[pri:0, instance:Project.HomePageTest@3bffddff]" started-at="2021-06-06T17:46:16 IST" name="testcase3" data-provider="getDatabase" finished-at="2021-06-06T17:46:17 IST" duration-ms="1656" status="PASS">
          <params>
            <param index="0">
              <value>
                <![CDATA[Banana]]>
              </value>
            </param>
            <param index="1">
              <value>
                <![CDATA[1 Kg]]>
              </value>
            </param>
            <param index="2">
              <value>
                <![CDATA[45]]>
              </value>
            </param>
          </params>
          <reporter-output>
          </reporter-output>
        </test-method> <!-- testcase3 -->
        <test-method signature="testcase3(java.lang.String,java.lang.String,java.lang.String)[pri:0, instance:Project.HomePageTest@3bffddff]" started-at="2021-06-06T17:46:17 IST" name="testcase3" data-provider="getDatabase" finished-at="2021-06-06T17:46:19 IST" duration-ms="1659" status="PASS">
          <params>
            <param index="0">
              <value>
                <![CDATA[Grapes]]>
              </value>
            </param>
            <param index="1">
              <value>
                <![CDATA[1 Kg]]>
              </value>
            </param>
            <param index="2">
              <value>
                <![CDATA[60]]>
              </value>
            </param>
          </params>
          <reporter-output>
          </reporter-output>
        </test-method> <!-- testcase3 -->
        <test-method signature="testcase3(java.lang.String,java.lang.String,java.lang.String)[pri:0, instance:Project.HomePageTest@3bffddff]" started-at="2021-06-06T17:46:19 IST" name="testcase3" data-provider="getDatabase" finished-at="2021-06-06T17:46:21 IST" duration-ms="1642" status="PASS">
          <params>
            <param index="0">
              <value>
                <![CDATA[Mango]]>
              </value>
            </param>
            <param index="1">
              <value>
                <![CDATA[1 Kg]]>
              </value>
            </param>
            <param index="2">
              <value>
                <![CDATA[75]]>
              </value>
            </param>
          </params>
          <reporter-output>
          </reporter-output>
        </test-method> <!-- testcase3 -->
        <test-method signature="testcase3(java.lang.String,java.lang.String,java.lang.String)[pri:0, instance:Project.HomePageTest@3bffddff]" started-at="2021-06-06T17:46:21 IST" name="testcase3" data-provider="getDatabase" finished-at="2021-06-06T17:46:23 IST" duration-ms="1998" status="PASS">
          <params>
            <param index="0">
              <value>
                <![CDATA[Musk Melon]]>
              </value>
            </param>
            <param index="1">
              <value>
                <![CDATA[1 Kg]]>
              </value>
            </param>
            <param index="2">
              <value>
                <![CDATA[36]]>
              </value>
            </param>
          </params>
          <reporter-output>
          </reporter-output>
        </test-method> <!-- testcase3 -->
        <test-method signature="testcase3(java.lang.String,java.lang.String,java.lang.String)[pri:0, instance:Project.HomePageTest@3bffddff]" started-at="2021-06-06T17:46:23 IST" name="testcase3" data-provider="getDatabase" finished-at="2021-06-06T17:46:25 IST" duration-ms="2035" status="PASS">
          <params>
            <param index="0">
              <value>
                <![CDATA[Orange]]>
              </value>
            </param>
            <param index="1">
              <value>
                <![CDATA[1 Kg]]>
              </value>
            </param>
            <param index="2">
              <value>
                <![CDATA[75]]>
              </value>
            </param>
          </params>
          <reporter-output>
          </reporter-output>
        </test-method> <!-- testcase3 -->
        <test-method signature="testcase3(java.lang.String,java.lang.String,java.lang.String)[pri:0, instance:Project.HomePageTest@3bffddff]" started-at="2021-06-06T17:46:25 IST" name="testcase3" data-provider="getDatabase" finished-at="2021-06-06T17:46:26 IST" duration-ms="1855" status="PASS">
          <params>
            <param index="0">
              <value>
                <![CDATA[Pears]]>
              </value>
            </param>
            <param index="1">
              <value>
                <![CDATA[1 Kg]]>
              </value>
            </param>
            <param index="2">
              <value>
                <![CDATA[69]]>
              </value>
            </param>
          </params>
          <reporter-output>
          </reporter-output>
        </test-method> <!-- testcase3 -->
        <test-method signature="testcase3(java.lang.String,java.lang.String,java.lang.String)[pri:0, instance:Project.HomePageTest@3bffddff]" started-at="2021-06-06T17:46:26 IST" name="testcase3" data-provider="getDatabase" finished-at="2021-06-06T17:46:28 IST" duration-ms="1648" status="PASS">
          <params>
            <param index="0">
              <value>
                <![CDATA[Pomegranate]]>
              </value>
            </param>
            <param index="1">
              <value>
                <![CDATA[1 Kg]]>
              </value>
            </param>
            <param index="2">
              <value>
                <![CDATA[95]]>
              </value>
            </param>
          </params>
          <reporter-output>
          </reporter-output>
        </test-method> <!-- testcase3 -->
        <test-method signature="testcase3(java.lang.String,java.lang.String,java.lang.String)[pri:0, instance:Project.HomePageTest@3bffddff]" started-at="2021-06-06T17:46:28 IST" name="testcase3" data-provider="getDatabase" finished-at="2021-06-06T17:46:30 IST" duration-ms="1652" status="PASS">
          <params>
            <param index="0">
              <value>
                <![CDATA[Raspberry]]>
              </value>
            </param>
            <param index="1">
              <value>
                <![CDATA[1/4 Kg]]>
              </value>
            </param>
            <param index="2">
              <value>
                <![CDATA[160]]>
              </value>
            </param>
          </params>
          <reporter-output>
          </reporter-output>
        </test-method> <!-- testcase3 -->
        <test-method signature="testcase3(java.lang.String,java.lang.String,java.lang.String)[pri:0, instance:Project.HomePageTest@3bffddff]" started-at="2021-06-06T17:46:30 IST" name="testcase3" data-provider="getDatabase" finished-at="2021-06-06T17:46:31 IST" duration-ms="1715" status="PASS">
          <params>
            <param index="0">
              <value>
                <![CDATA[Strawberry]]>
              </value>
            </param>
            <param index="1">
              <value>
                <![CDATA[1/4 Kg]]>
              </value>
            </param>
            <param index="2">
              <value>
                <![CDATA[180]]>
              </value>
            </param>
          </params>
          <reporter-output>
          </reporter-output>
        </test-method> <!-- testcase3 -->
        <test-method signature="testcase3(java.lang.String,java.lang.String,java.lang.String)[pri:0, instance:Project.HomePageTest@3bffddff]" started-at="2021-06-06T17:46:31 IST" name="testcase3" data-provider="getDatabase" finished-at="2021-06-06T17:46:33 IST" duration-ms="1634" status="PASS">
          <params>
            <param index="0">
              <value>
                <![CDATA[Water Melon]]>
              </value>
            </param>
            <param index="1">
              <value>
                <![CDATA[1 Kg]]>
              </value>
            </param>
            <param index="2">
              <value>
                <![CDATA[28]]>
              </value>
            </param>
          </params>
          <reporter-output>
          </reporter-output>
        </test-method> <!-- testcase3 -->
        <test-method signature="testcase3(java.lang.String,java.lang.String,java.lang.String)[pri:0, instance:Project.HomePageTest@3bffddff]" started-at="2021-06-06T17:46:33 IST" name="testcase3" data-provider="getDatabase" finished-at="2021-06-06T17:46:35 IST" duration-ms="1650" status="PASS">
          <params>
            <param index="0">
              <value>
                <![CDATA[Almonds]]>
              </value>
            </param>
            <param index="1">
              <value>
                <![CDATA[1/4 Kg]]>
              </value>
            </param>
            <param index="2">
              <value>
                <![CDATA[200]]>
              </value>
            </param>
          </params>
          <reporter-output>
          </reporter-output>
        </test-method> <!-- testcase3 -->
        <test-method signature="testcase3(java.lang.String,java.lang.String,java.lang.String)[pri:0, instance:Project.HomePageTest@3bffddff]" started-at="2021-06-06T17:46:35 IST" name="testcase3" data-provider="getDatabase" finished-at="2021-06-06T17:46:37 IST" duration-ms="1807" status="PASS">
          <params>
            <param index="0">
              <value>
                <![CDATA[Pista]]>
              </value>
            </param>
            <param index="1">
              <value>
                <![CDATA[1/4 Kg]]>
              </value>
            </param>
            <param index="2">
              <value>
                <![CDATA[190]]>
              </value>
            </param>
          </params>
          <reporter-output>
          </reporter-output>
        </test-method> <!-- testcase3 -->
        <test-method signature="testcase3(java.lang.String,java.lang.String,java.lang.String)[pri:0, instance:Project.HomePageTest@3bffddff]" started-at="2021-06-06T17:46:37 IST" name="testcase3" data-provider="getDatabase" finished-at="2021-06-06T17:46:38 IST" duration-ms="1594" status="PASS">
          <params>
            <param index="0">
              <value>
                <![CDATA[Nuts Mixture]]>
              </value>
            </param>
            <param index="1">
              <value>
                <![CDATA[1 Kg]]>
              </value>
            </param>
            <param index="2">
              <value>
                <![CDATA[950]]>
              </value>
            </param>
          </params>
          <reporter-output>
          </reporter-output>
        </test-method> <!-- testcase3 -->
        <test-method signature="testcase3(java.lang.String,java.lang.String,java.lang.String)[pri:0, instance:Project.HomePageTest@3bffddff]" started-at="2021-06-06T17:46:38 IST" name="testcase3" data-provider="getDatabase" finished-at="2021-06-06T17:46:40 IST" duration-ms="1649" status="PASS">
          <params>
            <param index="0">
              <value>
                <![CDATA[Cashews]]>
              </value>
            </param>
            <param index="1">
              <value>
                <![CDATA[1 Kg]]>
              </value>
            </param>
            <param index="2">
              <value>
                <![CDATA[650]]>
              </value>
            </param>
          </params>
          <reporter-output>
          </reporter-output>
        </test-method> <!-- testcase3 -->
        <test-method signature="testcase3(java.lang.String,java.lang.String,java.lang.String)[pri:0, instance:Project.HomePageTest@3bffddff]" started-at="2021-06-06T17:46:40 IST" name="testcase3" data-provider="getDatabase" finished-at="2021-06-06T17:46:42 IST" duration-ms="1674" status="PASS">
          <params>
            <param index="0">
              <value>
                <![CDATA[Walnuts]]>
              </value>
            </param>
            <param index="1">
              <value>
                <![CDATA[1/4 Kg]]>
              </value>
            </param>
            <param index="2">
              <value>
                <![CDATA[170]]>
              </value>
            </param>
          </params>
          <reporter-output>
          </reporter-output>
        </test-method> <!-- testcase3 -->
        <test-method signature="testcase4()[pri:0, instance:Project.HomePageTest@3bffddff]" started-at="2021-06-06T17:46:42 IST" name="testcase4" finished-at="2021-06-06T17:47:28 IST" duration-ms="46942" status="PASS">
          <reporter-output>
          </reporter-output>
        </test-method> <!-- testcase4 -->
        <test-method signature="testcase5()[pri:0, instance:Project.HomePageTest@3bffddff]" started-at="2021-06-06T17:47:28 IST" name="testcase5" finished-at="2021-06-06T17:47:32 IST" duration-ms="3210" status="PASS">
          <reporter-output>
          </reporter-output>
        </test-method> <!-- testcase5 -->
        <test-method signature="testcase6()[pri:0, instance:Project.HomePageTest@3bffddff]" started-at="2021-06-06T17:47:32 IST" name="testcase6" finished-at="2021-06-06T17:47:33 IST" duration-ms="1251" status="PASS">
          <reporter-output>
          </reporter-output>
        </test-method> <!-- testcase6 -->
        <test-method signature="testcase7()[pri:0, instance:Project.HomePageTest@3bffddff]" started-at="2021-06-06T17:47:33 IST" name="testcase7" finished-at="2021-06-06T17:47:41 IST" duration-ms="7619" status="PASS">
          <reporter-output>
          </reporter-output>
        </test-method> <!-- testcase7 -->
        <test-method signature="testcase8()[pri:0, instance:Project.HomePageTest@3bffddff]" started-at="2021-06-06T17:47:41 IST" name="testcase8" finished-at="2021-06-06T17:47:50 IST" duration-ms="9331" status="PASS">
          <reporter-output>
          </reporter-output>
        </test-method> <!-- testcase8 -->
        <test-method is-config="true" signature="close()[pri:0, instance:Project.HomePageTest@3bffddff]" started-at="2021-06-06T17:47:50 IST" name="close" finished-at="2021-06-06T17:47:54 IST" duration-ms="4175" status="PASS">
          <reporter-output>
          </reporter-output>
        </test-method> <!-- close -->
      </class> <!-- Project.HomePageTest -->
    </test> <!-- Test -->
  </suite> <!-- Suite -->
</testng-results>
